[2025-03-14 00:57:35,716][src.utils.utils][INFO] - Enforcing tags! <cfg.extras.enforce_tags=True>
[2025-03-14 00:57:35,722][src.utils.utils][INFO] - Printing config tree with Rich! <cfg.extras.print_config=True>
[2025-03-14 00:57:36,291][__main__][INFO] - Instantiating datamodule <src.datamodules.kitti360.KITTI360DataModule>
[2025-03-14 00:57:36,625][__main__][INFO] - Instantiating model <src.models.panoptic.PanopticSegmentationModule>
[2025-03-14 00:57:37,122][__main__][INFO] - Instantiating callbacks...
[2025-03-14 00:57:37,122][src.utils.utils][INFO] - Instantiating callback <pytorch_lightning.callbacks.ModelCheckpoint>
[2025-03-14 00:57:37,127][src.utils.utils][INFO] - Instantiating callback <pytorch_lightning.callbacks.EarlyStopping>
[2025-03-14 00:57:37,129][src.utils.utils][INFO] - Instantiating callback <pytorch_lightning.callbacks.RichModelSummary>
[2025-03-14 00:57:37,130][src.utils.utils][INFO] - Instantiating callback <pytorch_lightning.callbacks.RichProgressBar>
[2025-03-14 00:57:37,130][src.utils.utils][INFO] - Instantiating callback <pytorch_lightning.callbacks.LearningRateMonitor>
[2025-03-14 00:57:37,131][src.utils.utils][INFO] - Instantiating callback <pytorch_lightning.callbacks.GradientAccumulationScheduler>
[2025-03-14 00:57:37,132][__main__][INFO] - Instantiating loggers...
[2025-03-14 00:57:37,132][src.utils.utils][INFO] - Instantiating logger <pytorch_lightning.loggers.wandb.WandbLogger>
[2025-03-14 00:57:37,137][__main__][INFO] - Instantiating trainer <pytorch_lightning.Trainer>
[2025-03-14 00:57:37,172][__main__][INFO] - Logging hyperparameters!
[2025-03-14 00:59:22,660][src.utils.utils][ERROR] - 
Traceback (most recent call last):
  File "/home/ubuntu/superpoint_transformer/src/utils/utils.py", line 45, in wrap
    metric_dict, object_dict = task_func(cfg=cfg)
  File "src/train.py", line 107, in train
    utils.log_hyperparameters(object_dict)
  File "/home/ubuntu/miniconda3/envs/spt/lib/python3.8/site-packages/lightning_utilities/core/rank_zero.py", line 42, in wrapped_fn
    return fn(*args, **kwargs)
  File "/home/ubuntu/superpoint_transformer/src/utils/utils.py", line 178, in log_hyperparameters
    trainer.logger.log_hyperparams(hparams)
  File "/home/ubuntu/miniconda3/envs/spt/lib/python3.8/site-packages/lightning_utilities/core/rank_zero.py", line 42, in wrapped_fn
    return fn(*args, **kwargs)
  File "/home/ubuntu/miniconda3/envs/spt/lib/python3.8/site-packages/pytorch_lightning/loggers/wandb.py", line 428, in log_hyperparams
    self.experiment.config.update(params, allow_val_change=True)
  File "/home/ubuntu/miniconda3/envs/spt/lib/python3.8/site-packages/lightning_fabric/loggers/logger.py", line 118, in experiment
    return fn(self)
  File "/home/ubuntu/miniconda3/envs/spt/lib/python3.8/site-packages/pytorch_lightning/loggers/wandb.py", line 406, in experiment
    self._experiment = wandb.init(**self._wandb_init)
  File "/home/ubuntu/miniconda3/envs/spt/lib/python3.8/site-packages/wandb/sdk/wandb_init.py", line 1482, in init
    wandb._sentry.reraise(e)
  File "/home/ubuntu/miniconda3/envs/spt/lib/python3.8/site-packages/wandb/analytics/sentry.py", line 156, in reraise
    raise exc.with_traceback(sys.exc_info()[2])
  File "/home/ubuntu/miniconda3/envs/spt/lib/python3.8/site-packages/wandb/sdk/wandb_init.py", line 1427, in init
    wi.maybe_login(init_settings)
  File "/home/ubuntu/miniconda3/envs/spt/lib/python3.8/site-packages/wandb/sdk/wandb_init.py", line 175, in maybe_login
    wandb_login._login(
  File "/home/ubuntu/miniconda3/envs/spt/lib/python3.8/site-packages/wandb/sdk/wandb_login.py", line 305, in _login
    key, key_status = wlogin.prompt_api_key()
  File "/home/ubuntu/miniconda3/envs/spt/lib/python3.8/site-packages/wandb/sdk/wandb_login.py", line 227, in prompt_api_key
    key, status = self._prompt_api_key()
  File "/home/ubuntu/miniconda3/envs/spt/lib/python3.8/site-packages/wandb/sdk/wandb_login.py", line 206, in _prompt_api_key
    key = apikey.prompt_api_key(
  File "/home/ubuntu/miniconda3/envs/spt/lib/python3.8/site-packages/wandb/sdk/lib/apikey.py", line 171, in prompt_api_key
    key = input_callback(api_ask).strip()
  File "/home/ubuntu/miniconda3/envs/spt/lib/python3.8/site-packages/click/termui.py", line 164, in prompt
    value = prompt_func(prompt)
  File "/home/ubuntu/miniconda3/envs/spt/lib/python3.8/site-packages/click/termui.py", line 147, in prompt_func
    raise Abort() from None
click.exceptions.Abort
[2025-03-14 00:59:22,665][src.utils.utils][INFO] - Closing loggers...
[2025-03-14 00:59:23,647][wandb.sdk.mailbox.mailbox][INFO] - Closing mailbox, abandoning 0 handles.
[2025-03-14 00:59:38,702][src.utils.utils][INFO] - Enforcing tags! <cfg.extras.enforce_tags=True>
[2025-03-14 00:59:38,707][src.utils.utils][INFO] - Printing config tree with Rich! <cfg.extras.print_config=True>
[2025-03-14 00:59:39,260][__main__][INFO] - Instantiating datamodule <src.datamodules.kitti360.KITTI360DataModule>
[2025-03-14 00:59:39,589][__main__][INFO] - Instantiating model <src.models.panoptic.PanopticSegmentationModule>
[2025-03-14 00:59:39,754][__main__][INFO] - Instantiating callbacks...
[2025-03-14 00:59:39,754][src.utils.utils][INFO] - Instantiating callback <pytorch_lightning.callbacks.ModelCheckpoint>
[2025-03-14 00:59:39,759][src.utils.utils][INFO] - Instantiating callback <pytorch_lightning.callbacks.EarlyStopping>
[2025-03-14 00:59:39,761][src.utils.utils][INFO] - Instantiating callback <pytorch_lightning.callbacks.RichModelSummary>
[2025-03-14 00:59:39,761][src.utils.utils][INFO] - Instantiating callback <pytorch_lightning.callbacks.RichProgressBar>
[2025-03-14 00:59:39,762][src.utils.utils][INFO] - Instantiating callback <pytorch_lightning.callbacks.LearningRateMonitor>
[2025-03-14 00:59:39,763][src.utils.utils][INFO] - Instantiating callback <pytorch_lightning.callbacks.GradientAccumulationScheduler>
[2025-03-14 00:59:39,764][__main__][INFO] - Instantiating loggers...
[2025-03-14 00:59:39,764][src.utils.utils][INFO] - Instantiating logger <pytorch_lightning.loggers.wandb.WandbLogger>
[2025-03-14 00:59:39,769][__main__][INFO] - Instantiating trainer <pytorch_lightning.Trainer>
[2025-03-14 00:59:39,803][__main__][INFO] - Logging hyperparameters!
[2025-03-14 00:59:49,478][src.utils.utils][ERROR] - 
Traceback (most recent call last):
  File "/home/ubuntu/superpoint_transformer/src/utils/utils.py", line 45, in wrap
    metric_dict, object_dict = task_func(cfg=cfg)
  File "src/train.py", line 107, in train
    utils.log_hyperparameters(object_dict)
  File "/home/ubuntu/miniconda3/envs/spt/lib/python3.8/site-packages/lightning_utilities/core/rank_zero.py", line 42, in wrapped_fn
    return fn(*args, **kwargs)
  File "/home/ubuntu/superpoint_transformer/src/utils/utils.py", line 178, in log_hyperparameters
    trainer.logger.log_hyperparams(hparams)
  File "/home/ubuntu/miniconda3/envs/spt/lib/python3.8/site-packages/lightning_utilities/core/rank_zero.py", line 42, in wrapped_fn
    return fn(*args, **kwargs)
  File "/home/ubuntu/miniconda3/envs/spt/lib/python3.8/site-packages/pytorch_lightning/loggers/wandb.py", line 428, in log_hyperparams
    self.experiment.config.update(params, allow_val_change=True)
  File "/home/ubuntu/miniconda3/envs/spt/lib/python3.8/site-packages/lightning_fabric/loggers/logger.py", line 118, in experiment
    return fn(self)
  File "/home/ubuntu/miniconda3/envs/spt/lib/python3.8/site-packages/pytorch_lightning/loggers/wandb.py", line 406, in experiment
    self._experiment = wandb.init(**self._wandb_init)
  File "/home/ubuntu/miniconda3/envs/spt/lib/python3.8/site-packages/wandb/sdk/wandb_init.py", line 1482, in init
    wandb._sentry.reraise(e)
  File "/home/ubuntu/miniconda3/envs/spt/lib/python3.8/site-packages/wandb/analytics/sentry.py", line 156, in reraise
    raise exc.with_traceback(sys.exc_info()[2])
  File "/home/ubuntu/miniconda3/envs/spt/lib/python3.8/site-packages/wandb/sdk/wandb_init.py", line 1427, in init
    wi.maybe_login(init_settings)
  File "/home/ubuntu/miniconda3/envs/spt/lib/python3.8/site-packages/wandb/sdk/wandb_init.py", line 175, in maybe_login
    wandb_login._login(
  File "/home/ubuntu/miniconda3/envs/spt/lib/python3.8/site-packages/wandb/sdk/wandb_login.py", line 311, in _login
    wlogin.try_save_api_key(key)
  File "/home/ubuntu/miniconda3/envs/spt/lib/python3.8/site-packages/wandb/sdk/wandb_login.py", line 176, in try_save_api_key
    apikey.write_key(self._settings, key)
  File "/home/ubuntu/miniconda3/envs/spt/lib/python3.8/site-packages/wandb/sdk/lib/apikey.py", line 294, in write_key
    raise ValueError(
ValueError: API key must be 40 characters long, yours was 78
[2025-03-14 00:59:49,482][src.utils.utils][INFO] - Closing loggers...
[2025-03-14 00:59:50,072][wandb.sdk.mailbox.mailbox][INFO] - Closing mailbox, abandoning 0 handles.
[2025-03-14 01:00:04,186][src.utils.utils][INFO] - Enforcing tags! <cfg.extras.enforce_tags=True>
[2025-03-14 01:00:04,192][src.utils.utils][INFO] - Printing config tree with Rich! <cfg.extras.print_config=True>
[2025-03-14 01:00:04,746][__main__][INFO] - Instantiating datamodule <src.datamodules.kitti360.KITTI360DataModule>
[2025-03-14 01:00:05,078][__main__][INFO] - Instantiating model <src.models.panoptic.PanopticSegmentationModule>
[2025-03-14 01:00:05,242][__main__][INFO] - Instantiating callbacks...
[2025-03-14 01:00:05,242][src.utils.utils][INFO] - Instantiating callback <pytorch_lightning.callbacks.ModelCheckpoint>
[2025-03-14 01:00:05,247][src.utils.utils][INFO] - Instantiating callback <pytorch_lightning.callbacks.EarlyStopping>
[2025-03-14 01:00:05,249][src.utils.utils][INFO] - Instantiating callback <pytorch_lightning.callbacks.RichModelSummary>
[2025-03-14 01:00:05,250][src.utils.utils][INFO] - Instantiating callback <pytorch_lightning.callbacks.RichProgressBar>
[2025-03-14 01:00:05,250][src.utils.utils][INFO] - Instantiating callback <pytorch_lightning.callbacks.LearningRateMonitor>
[2025-03-14 01:00:05,251][src.utils.utils][INFO] - Instantiating callback <pytorch_lightning.callbacks.GradientAccumulationScheduler>
[2025-03-14 01:00:05,252][__main__][INFO] - Instantiating loggers...
[2025-03-14 01:00:05,252][src.utils.utils][INFO] - Instantiating logger <pytorch_lightning.loggers.wandb.WandbLogger>
[2025-03-14 01:00:05,257][__main__][INFO] - Instantiating trainer <pytorch_lightning.Trainer>
[2025-03-14 01:00:05,311][__main__][INFO] - Logging hyperparameters!
[2025-03-14 01:00:22,886][src.utils.utils][ERROR] - 
Traceback (most recent call last):
  File "/home/ubuntu/superpoint_transformer/src/utils/utils.py", line 45, in wrap
    metric_dict, object_dict = task_func(cfg=cfg)
  File "src/train.py", line 107, in train
    utils.log_hyperparameters(object_dict)
  File "/home/ubuntu/miniconda3/envs/spt/lib/python3.8/site-packages/lightning_utilities/core/rank_zero.py", line 42, in wrapped_fn
    return fn(*args, **kwargs)
  File "/home/ubuntu/superpoint_transformer/src/utils/utils.py", line 178, in log_hyperparameters
    trainer.logger.log_hyperparams(hparams)
  File "/home/ubuntu/miniconda3/envs/spt/lib/python3.8/site-packages/lightning_utilities/core/rank_zero.py", line 42, in wrapped_fn
    return fn(*args, **kwargs)
  File "/home/ubuntu/miniconda3/envs/spt/lib/python3.8/site-packages/pytorch_lightning/loggers/wandb.py", line 428, in log_hyperparams
    self.experiment.config.update(params, allow_val_change=True)
  File "/home/ubuntu/miniconda3/envs/spt/lib/python3.8/site-packages/lightning_fabric/loggers/logger.py", line 118, in experiment
    return fn(self)
  File "/home/ubuntu/miniconda3/envs/spt/lib/python3.8/site-packages/pytorch_lightning/loggers/wandb.py", line 406, in experiment
    self._experiment = wandb.init(**self._wandb_init)
  File "/home/ubuntu/miniconda3/envs/spt/lib/python3.8/site-packages/wandb/sdk/wandb_init.py", line 1482, in init
    wandb._sentry.reraise(e)
  File "/home/ubuntu/miniconda3/envs/spt/lib/python3.8/site-packages/wandb/analytics/sentry.py", line 156, in reraise
    raise exc.with_traceback(sys.exc_info()[2])
  File "/home/ubuntu/miniconda3/envs/spt/lib/python3.8/site-packages/wandb/sdk/wandb_init.py", line 1427, in init
    wi.maybe_login(init_settings)
  File "/home/ubuntu/miniconda3/envs/spt/lib/python3.8/site-packages/wandb/sdk/wandb_init.py", line 175, in maybe_login
    wandb_login._login(
  File "/home/ubuntu/miniconda3/envs/spt/lib/python3.8/site-packages/wandb/sdk/wandb_login.py", line 311, in _login
    wlogin.try_save_api_key(key)
  File "/home/ubuntu/miniconda3/envs/spt/lib/python3.8/site-packages/wandb/sdk/wandb_login.py", line 176, in try_save_api_key
    apikey.write_key(self._settings, key)
  File "/home/ubuntu/miniconda3/envs/spt/lib/python3.8/site-packages/wandb/sdk/lib/apikey.py", line 294, in write_key
    raise ValueError(
ValueError: API key must be 40 characters long, yours was 120
[2025-03-14 01:00:22,891][src.utils.utils][INFO] - Closing loggers...
[2025-03-14 01:00:23,591][wandb.sdk.mailbox.mailbox][INFO] - Closing mailbox, abandoning 0 handles.
[2025-03-14 01:00:38,987][src.utils.utils][INFO] - Enforcing tags! <cfg.extras.enforce_tags=True>
[2025-03-14 01:00:38,993][src.utils.utils][INFO] - Printing config tree with Rich! <cfg.extras.print_config=True>
[2025-03-14 01:00:39,557][__main__][INFO] - Instantiating datamodule <src.datamodules.kitti360.KITTI360DataModule>
[2025-03-14 01:00:39,889][__main__][INFO] - Instantiating model <src.models.panoptic.PanopticSegmentationModule>
[2025-03-14 01:00:40,054][__main__][INFO] - Instantiating callbacks...
[2025-03-14 01:00:40,055][src.utils.utils][INFO] - Instantiating callback <pytorch_lightning.callbacks.ModelCheckpoint>
[2025-03-14 01:00:40,059][src.utils.utils][INFO] - Instantiating callback <pytorch_lightning.callbacks.EarlyStopping>
[2025-03-14 01:00:40,061][src.utils.utils][INFO] - Instantiating callback <pytorch_lightning.callbacks.RichModelSummary>
[2025-03-14 01:00:40,062][src.utils.utils][INFO] - Instantiating callback <pytorch_lightning.callbacks.RichProgressBar>
[2025-03-14 01:00:40,063][src.utils.utils][INFO] - Instantiating callback <pytorch_lightning.callbacks.LearningRateMonitor>
[2025-03-14 01:00:40,063][src.utils.utils][INFO] - Instantiating callback <pytorch_lightning.callbacks.GradientAccumulationScheduler>
[2025-03-14 01:00:40,064][__main__][INFO] - Instantiating loggers...
[2025-03-14 01:00:40,064][src.utils.utils][INFO] - Instantiating logger <pytorch_lightning.loggers.wandb.WandbLogger>
[2025-03-14 01:00:40,069][__main__][INFO] - Instantiating trainer <pytorch_lightning.Trainer>
[2025-03-14 01:00:40,123][__main__][INFO] - Logging hyperparameters!
[2025-03-14 01:01:01,285][__main__][INFO] - Starting training!
[2025-03-14 02:57:15,165][src.datasets.base][INFO] - Dataset hash: "59c0bce7206dc4913f9401a3793df091"
[2025-03-14 02:57:15,167][src.datasets.base][INFO] - Preprocessed data can be found at: "/home/ubuntu/superpoint_transformer/data/kitti360/processed/<stage>/59c0bce7206dc4913f9401a3793df091"
[2025-03-14 03:28:02,614][src.datasets.base][INFO] - Dataset hash: "59c0bce7206dc4913f9401a3793df091"
[2025-03-14 03:28:02,615][src.datasets.base][INFO] - Preprocessed data can be found at: "/home/ubuntu/superpoint_transformer/data/kitti360/processed/<stage>/59c0bce7206dc4913f9401a3793df091"
[2025-03-14 03:47:23,269][src.datasets.base][INFO] - Dataset hash: "59c0bce7206dc4913f9401a3793df091"
[2025-03-14 03:47:23,269][src.datasets.base][INFO] - Preprocessed data can be found at: "/home/ubuntu/superpoint_transformer/data/kitti360/processed/<stage>/59c0bce7206dc4913f9401a3793df091"
[2025-03-14 03:47:23,368][src.datasets.base][INFO] - Dataset hash: "59c0bce7206dc4913f9401a3793df091"
[2025-03-14 03:47:23,369][src.datasets.base][INFO] - Preprocessed data can be found at: "/home/ubuntu/superpoint_transformer/data/kitti360/processed/<stage>/59c0bce7206dc4913f9401a3793df091"
[2025-03-14 03:47:23,398][src.datasets.base][INFO] - Dataset hash: "59c0bce7206dc4913f9401a3793df091"
[2025-03-14 03:47:23,398][src.datasets.base][INFO] - Preprocessed data can be found at: "/home/ubuntu/superpoint_transformer/data/kitti360/processed/<stage>/59c0bce7206dc4913f9401a3793df091"
[2025-03-14 03:47:23,420][src.datasets.base][INFO] - Dataset hash: "59c0bce7206dc4913f9401a3793df091"
[2025-03-14 03:47:23,420][src.datasets.base][INFO] - Preprocessed data can be found at: "/home/ubuntu/superpoint_transformer/data/kitti360/processed/<stage>/59c0bce7206dc4913f9401a3793df091"
